<?xml version="1.0" encoding="UTF-8"?>
<!-- Generated by org.testng.reporters.JUnitReportReporter -->
<testsuite hostname="LAPTOP-K0NIII9N" failures="0" tests="1" name="Test04_POST_JSON" time="3.587" errors="0" timestamp="2022-06-05T15:48:24 IST" skipped="0">
  <testcase classname="Test04_POST_JSON" name="test_post01" time="3.587"/>
  <system-out/>
</testsuite> <!-- Test04_POST_JSON -->
