<?xml version="1.0" encoding="UTF-8"?>
<!-- Generated by org.testng.reporters.JUnitReportReporter -->
<testsuite hostname="LAPTOP-K0NIII9N" failures="0" tests="1" name="WithoutRestA" time="2.085" errors="0" timestamp="2022-06-05T11:57:28 IST" skipped="0">
  <testcase classname="WithoutRestA" name="test_02" time="2.085"/>
  <system-out/>
</testsuite> <!-- WithoutRestA -->
