<?xml version="1.0" encoding="UTF-8"?>
<!-- Generated by org.testng.reporters.JUnitReportReporter -->
<testsuite hostname="LAPTOP-K0NIII9N" failures="0" tests="1" name="com.api.test.Test04_POST_JSON" time="1.694" errors="0" timestamp="2022-06-06T01:41:57 IST" skipped="0">
  <testcase classname="com.api.test.Test04_POST_JSON" name="test_post01" time="1.694"/>
  <system-out/>
</testsuite> <!-- com.api.test.Test04_POST_JSON -->
