<?xml version="1.0" encoding="UTF-8"?>
<!-- Generated by org.testng.reporters.JUnitReportReporter -->
<testsuite hostname="LAPTOP-K0NIII9N" failures="0" tests="1" name="Test06_DELETE_JSON" time="2.194" errors="0" timestamp="2022-06-05T18:48:17 IST" skipped="0">
  <testcase classname="Test06_DELETE_JSON" name="test_delete_01" time="2.194"/>
  <system-out/>
</testsuite> <!-- Test06_DELETE_JSON -->
