<?xml version="1.0" encoding="UTF-8"?>
<!-- Generated by org.testng.reporters.JUnitReportReporter -->
<testsuite hostname="LAPTOP-K0NIII9N" failures="0" tests="1" name="com.api.test.Test01_GET_WithoutRestA" time="1.582" errors="0" timestamp="2022-06-06T01:42:10 IST" skipped="0">
  <testcase classname="com.api.test.Test01_GET_WithoutRestA" name="test_02" time="1.582"/>
  <system-out/>
</testsuite> <!-- com.api.test.Test01_GET_WithoutRestA -->
