<?xml version="1.0" encoding="UTF-8"?>
<!-- Generated by org.testng.reporters.JUnitReportReporter -->
<testsuite hostname="LAPTOP-K0NIII9N" failures="0" tests="1" name="Test01_get" time="2.555" errors="0" timestamp="2022-06-05T11:49:38 IST" skipped="0">
  <testcase classname="Test01_get" name="test_01" time="2.555"/>
  <system-out/>
</testsuite> <!-- Test01_get -->
