<?xml version="1.0" encoding="UTF-8"?>
<!-- Generated by org.testng.reporters.JUnitReportReporter -->
<testsuite hostname="LAPTOP-K0NIII9N" failures="0" tests="1" name="Test07_GET_Param" time="2.122" errors="0" timestamp="2022-06-05T20:22:31 IST" skipped="0">
  <testcase classname="Test07_GET_Param" name="test_GET01" time="2.122"/>
  <system-out/>
</testsuite> <!-- Test07_GET_Param -->
