<?xml version="1.0" encoding="UTF-8"?>
<!-- Generated by org.testng.reporters.JUnitReportReporter -->
<testsuite hostname="LAPTOP-K0NIII9N" failures="0" tests="1" name="Test02_GET_BddEx" time="3.073" errors="0" timestamp="2022-06-05T19:52:31 IST" skipped="0">
  <testcase classname="Test02_GET_BddEx" name="test_01" time="3.073"/>
  <system-out/>
</testsuite> <!-- Test02_GET_BddEx -->
