<?xml version="1.0" encoding="UTF-8"?>
<!-- Generated by org.testng.reporters.JUnitReportReporter -->
<testsuite hostname="LAPTOP-K0NIII9N" failures="0" tests="1" name="com.api.test.Test02_GET_BddEx" time="1.967" errors="0" timestamp="2022-06-06T01:41:46 IST" skipped="0">
  <testcase classname="com.api.test.Test02_GET_BddEx" name="test_01" time="1.967"/>
  <system-out/>
</testsuite> <!-- com.api.test.Test02_GET_BddEx -->
