<?xml version="1.0" encoding="UTF-8"?>
<!-- Generated by org.testng.reporters.JUnitReportReporter -->
<testsuite hostname="LAPTOP-K0NIII9N" failures="0" tests="1" name="BddExample" time="1.916" errors="0" timestamp="2022-06-05T13:06:01 IST" skipped="0">
  <testcase classname="BddExample" name="test_01" time="1.916"/>
  <system-out/>
</testsuite> <!-- BddExample -->
