<?xml version="1.0" encoding="UTF-8"?>
<!-- Generated by org.testng.reporters.JUnitReportReporter -->
<testsuite hostname="LAPTOP-K0NIII9N" failures="0" tests="1" name="Test03_POST" time="0.019" errors="0" timestamp="2022-06-05T15:25:56 IST" skipped="0">
  <testcase classname="Test03_POST" name="test_post01" time="0.019"/>
  <system-out/>
</testsuite> <!-- Test03_POST -->
