<?xml version="1.0" encoding="UTF-8"?>
<!-- Generated by org.testng.reporters.JUnitReportReporter -->
<testsuite hostname="LAPTOP-K0NIII9N" failures="0" tests="1" name="Test05_PUT_JSON" time="3.380" errors="0" timestamp="2022-06-05T15:47:31 IST" skipped="0">
  <testcase classname="Test05_PUT_JSON" name="test_put_01" time="3.380"/>
  <system-out/>
</testsuite> <!-- Test05_PUT_JSON -->
